.build/android-arm64-v8a/testtttt-app-android/build/outputs/logs/manifest-merger-debug-report.txt
-- Merging decision tree log ---
manifest
ADDED from android-arm64-v8a/testtttt-app-android/AndroidManifest.xml:2:1-42:12
INJECTED from android-arm64-v8a/testtttt-app-android/AndroidManifest.xml:2:1-42:12
INJECTED from android-arm64-v8a/testtttt-app-android/AndroidManifest.xml:2:1-42:12
INJECTED from android-arm64-v8a/testtttt-app-android/AndroidManifest.xml:2:1-42:12
MERGED from [com.google.android.gms:play-services:9.2.0] AndroidManifest.xml:2:1-6:12
MERGED from [com.android.support:multidex:1.0.3] AndroidManifest.xml:17:1-22:12
MERGED from [com.google.android.gms:play-services-ads:9.2.0] AndroidManifest.xml:16:1-20:12
MERGED from [com.google.android.gms:play-services-ads-lite:9.2.0] AndroidManifest.xml:16:1-33:12
MERGED from [com.google.android.gms:play-services-analytics:9.2.0] AndroidManifest.xml:16:1-28:12
MERGED from [com.google.android.gms:play-services-tagmanager:9.2.0] AndroidManifest.xml:16:1-19:12
MERGED from [com.google.android.gms:play-services-analytics-impl:9.2.0] AndroidManifest.xml:16:1-28:12
MERGED from [com.google.android.gms:play-services-appinvite:9.2.0] AndroidManifest.xml:16:1-31:12
MERGED from [com.google.android.gms:play-services-auth:9.2.0] AndroidManifest.xml:16:1-33:12
MERGED from [com.google.android.gms:play-services-auth-base:9.2.0] AndroidManifest.xml:2:1-6:12
MERGED from [com.google.android.gms:play-services-cast-framework:9.2.0] AndroidManifest.xml:2:1-10:12
MERGED from [com.google.android.gms:play-services-cast:9.2.0] AndroidManifest.xml:16:1-20:12
MERGED from [com.google.android.gms:play-services-clearcut:9.2.0] AndroidManifest.xml:16:1-20:12
MERGED from [com.google.firebase:firebase-config:9.2.0] AndroidManifest.xml:16:1-20:12
MERGED from [com.google.android.gms:play-services-contextmanager:9.2.0] AndroidManifest.xml:16:1-20:12
MERGED from [com.google.firebase:firebase-crash:9.2.0] AndroidManifest.xml:16:1-34:12
MERGED from [com.google.android.gms:play-services-games:9.2.0] AndroidManifest.xml:16:1-20:12
MERGED from [com.google.android.gms:play-services-drive:9.2.0] AndroidManifest.xml:16:1-20:12
MERGED from [com.google.firebase:firebase-auth:9.2.0] AndroidManifest.xml:16:1-22:12
MERGED from [com.google.firebase:firebase-auth-common:9.2.0] AndroidManifest.xml:16:1-22:12
MERGED from [com.google.firebase:firebase-auth-module:9.2.0] AndroidManifest.xml:2:1-6:12
MERGED from [com.google.firebase:firebase-database:9.2.0] AndroidManifest.xml:2:1-6:12
MERGED from [com.google.firebase:firebase-database-connection:9.2.0] AndroidManifest.xml:2:1-6:12
MERGED from [com.google.firebase:firebase-storage:9.2.0] AndroidManifest.xml:2:1-6:12
MERGED from [com.google.firebase:firebase-storage-common:9.2.0] AndroidManifest.xml:2:1-6:12
MERGED from [com.google.android.gms:play-services-fitness:9.2.0] AndroidManifest.xml:16:1-20:12
MERGED from [com.google.android.gms:play-services-gcm:9.2.0] AndroidManifest.xml:16:1-25:12
MERGED from [com.google.android.gms:play-services-appindexing:9.2.0] AndroidManifest.xml:16:1-20:12
MERGED from [com.google.android.gms:play-services-wallet:9.2.0] AndroidManifest.xml:16:1-21:12
MERGED from [com.google.android.gms:play-services-identity:9.2.0] AndroidManifest.xml:16:1-20:12
MERGED from [com.google.android.gms:play-services-iid:9.2.0] AndroidManifest.xml:16:1-25:12
MERGED from [com.google.android.gms:play-services-location:9.2.0] AndroidManifest.xml:16:1-20:12
MERGED from [com.google.android.gms:play-services-places:9.2.0] AndroidManifest.xml:16:1-20:12
MERGED from [com.google.android.gms:play-services-maps:9.2.0] AndroidManifest.xml:16:1-28:12
MERGED from [com.google.android.gms:play-services-nearby:9.2.0] AndroidManifest.xml:2:1-7:12
MERGED from [com.google.android.gms:play-services-panorama:9.2.0] AndroidManifest.xml:16:1-20:12
MERGED from [com.google.android.gms:play-services-plus:9.2.0] AndroidManifest.xml:16:1-20:12
MERGED from [com.google.android.gms:play-services-safetynet:9.2.0] AndroidManifest.xml:16:1-20:12
MERGED from [com.google.android.gms:play-services-vision:9.2.0] AndroidManifest.xml:2:1-6:12
MERGED from [com.google.android.gms:play-services-wearable:9.2.0] AndroidManifest.xml:16:1-20:12
MERGED from [com.google.android.gms:play-services-base:9.2.0] AndroidManifest.xml:16:1-24:12
MERGED from [com.google.firebase:firebase-messaging:9.2.0] AndroidManifest.xml:16:1-33:12
MERGED from [com.google.android.gms:play-services-tagmanager-api:9.2.0] AndroidManifest.xml:16:1-39:12
MERGED from [com.google.firebase:firebase-analytics:9.2.0] AndroidManifest.xml:16:1-42:12
MERGED from [com.google.firebase:firebase-analytics-impl:9.2.0] AndroidManifest.xml:16:1-42:12
MERGED from [com.google.firebase:firebase-iid:9.2.0] AndroidManifest.xml:16:1-60:12
MERGED from [com.google.firebase:firebase-common:9.2.0] AndroidManifest.xml:2:1-13:12
MERGED from [com.google.android.gms:play-services-gass:9.2.0] AndroidManifest.xml:16:1-20:12
MERGED from [com.google.android.gms:play-services-tasks:9.2.0] AndroidManifest.xml:2:1-6:12
MERGED from [com.google.android.gms:play-services-basement:9.2.0] AndroidManifest.xml:16:1-26:12
MERGED from [com.android.support:mediarouter-v7:23.0.0] AndroidManifest.xml:17:1-24:12
MERGED from [com.android.support:appcompat-v7:23.0.0] AndroidManifest.xml:17:1-24:12
MERGED from [com.android.support:support-v4:23.0.0] AndroidManifest.xml:17:1-24:12
INJECTED from android-arm64-v8a/testtttt-app-android/AndroidManifest.xml:2:1-42:12
INJECTED from android-arm64-v8a/testtttt-app-android/AndroidManifest.xml:2:1-42:12
INJECTED from android-arm64-v8a/testtttt-app-android/AndroidManifest.xml:2:1-42:12
	package
		ADDED from android-arm64-v8a/testtttt-app-android/AndroidManifest.xml:3:5-33
		INJECTED from android-arm64-v8a/testtttt-app-android/AndroidManifest.xml
		INJECTED from android-arm64-v8a/testtttt-app-android/AndroidManifest.xml
	android:versionName
		ADDED from android-arm64-v8a/testtttt-app-android/AndroidManifest.xml:5:5-32
		INJECTED from android-arm64-v8a/testtttt-app-android/AndroidManifest.xml
		INJECTED from android-arm64-v8a/testtttt-app-android/AndroidManifest.xml
	xmlns:android
		ADDED from android-arm64-v8a/testtttt-app-android/AndroidManifest.xml:2:11-69
	android:versionCode
		ADDED from android-arm64-v8a/testtttt-app-android/AndroidManifest.xml:4:5-28
		INJECTED from android-arm64-v8a/testtttt-app-android/AndroidManifest.xml
		INJECTED from android-arm64-v8a/testtttt-app-android/AndroidManifest.xml
uses-sdk
ADDED from android-arm64-v8a/testtttt-app-android/AndroidManifest.xml:7:5-9:41
INJECTED from android-arm64-v8a/testtttt-app-android/AndroidManifest.xml:7:5-9:41
INJECTED from android-arm64-v8a/testtttt-app-android/AndroidManifest.xml:7:5-9:41
MERGED from [com.google.android.gms:play-services:9.2.0] AndroidManifest.xml:4:5-42
MERGED from [com.google.android.gms:play-services:9.2.0] AndroidManifest.xml:4:5-42
MERGED from [com.android.support:multidex:1.0.3] AndroidManifest.xml:20:5-43
MERGED from [com.android.support:multidex:1.0.3] AndroidManifest.xml:20:5-43
MERGED from [com.google.android.gms:play-services-ads:9.2.0] AndroidManifest.xml:19:5-42
MERGED from [com.google.android.gms:play-services-ads:9.2.0] AndroidManifest.xml:19:5-42
MERGED from [com.google.android.gms:play-services-ads-lite:9.2.0] AndroidManifest.xml:23:5-42
MERGED from [com.google.android.gms:play-services-ads-lite:9.2.0] AndroidManifest.xml:23:5-42
MERGED from [com.google.android.gms:play-services-analytics:9.2.0] AndroidManifest.xml:18:5-42
MERGED from [com.google.android.gms:play-services-analytics:9.2.0] AndroidManifest.xml:18:5-42
MERGED from [com.google.android.gms:play-services-tagmanager:9.2.0] AndroidManifest.xml:18:5-42
MERGED from [com.google.android.gms:play-services-tagmanager:9.2.0] AndroidManifest.xml:18:5-42
MERGED from [com.google.android.gms:play-services-analytics-impl:9.2.0] AndroidManifest.xml:18:5-42
MERGED from [com.google.android.gms:play-services-analytics-impl:9.2.0] AndroidManifest.xml:18:5-42
MERGED from [com.google.android.gms:play-services-appinvite:9.2.0] AndroidManifest.xml:18:5-42
MERGED from [com.google.android.gms:play-services-appinvite:9.2.0] AndroidManifest.xml:18:5-42
MERGED from [com.google.android.gms:play-services-auth:9.2.0] AndroidManifest.xml:18:5-43
MERGED from [com.google.android.gms:play-services-auth:9.2.0] AndroidManifest.xml:18:5-43
MERGED from [com.google.android.gms:play-services-auth-base:9.2.0] AndroidManifest.xml:5:5-43
MERGED from [com.google.android.gms:play-services-auth-base:9.2.0] AndroidManifest.xml:5:5-43
MERGED from [com.google.android.gms:play-services-cast-framework:9.2.0] AndroidManifest.xml:4:5-42
MERGED from [com.google.android.gms:play-services-cast-framework:9.2.0] AndroidManifest.xml:4:5-42
MERGED from [com.google.android.gms:play-services-cast:9.2.0] AndroidManifest.xml:18:5-42
MERGED from [com.google.android.gms:play-services-cast:9.2.0] AndroidManifest.xml:18:5-42
MERGED from [com.google.android.gms:play-services-clearcut:9.2.0] AndroidManifest.xml:18:5-42
MERGED from [com.google.android.gms:play-services-clearcut:9.2.0] AndroidManifest.xml:18:5-42
MERGED from [com.google.firebase:firebase-config:9.2.0] AndroidManifest.xml:18:5-42
MERGED from [com.google.firebase:firebase-config:9.2.0] AndroidManifest.xml:18:5-42
MERGED from [com.google.android.gms:play-services-contextmanager:9.2.0] AndroidManifest.xml:18:5-42
MERGED from [com.google.android.gms:play-services-contextmanager:9.2.0] AndroidManifest.xml:18:5-42
MERGED from [com.google.firebase:firebase-crash:9.2.0] AndroidManifest.xml:22:5-42
MERGED from [com.google.firebase:firebase-crash:9.2.0] AndroidManifest.xml:22:5-42
MERGED from [com.google.android.gms:play-services-games:9.2.0] AndroidManifest.xml:18:5-42
MERGED from [com.google.android.gms:play-services-games:9.2.0] AndroidManifest.xml:18:5-42
MERGED from [com.google.android.gms:play-services-drive:9.2.0] AndroidManifest.xml:18:5-42
MERGED from [com.google.android.gms:play-services-drive:9.2.0] AndroidManifest.xml:18:5-42
MERGED from [com.google.firebase:firebase-auth:9.2.0] AndroidManifest.xml:18:5-43
MERGED from [com.google.firebase:firebase-auth:9.2.0] AndroidManifest.xml:18:5-43
MERGED from [com.google.firebase:firebase-auth-common:9.2.0] AndroidManifest.xml:18:5-43
MERGED from [com.google.firebase:firebase-auth-common:9.2.0] AndroidManifest.xml:18:5-43
MERGED from [com.google.firebase:firebase-auth-module:9.2.0] AndroidManifest.xml:4:5-43
MERGED from [com.google.firebase:firebase-auth-module:9.2.0] AndroidManifest.xml:4:5-43
MERGED from [com.google.firebase:firebase-database:9.2.0] AndroidManifest.xml:5:5-43
MERGED from [com.google.firebase:firebase-database:9.2.0] AndroidManifest.xml:5:5-43
MERGED from [com.google.firebase:firebase-database-connection:9.2.0] AndroidManifest.xml:5:5-43
MERGED from [com.google.firebase:firebase-database-connection:9.2.0] AndroidManifest.xml:5:5-43
MERGED from [com.google.firebase:firebase-storage:9.2.0] AndroidManifest.xml:5:5-43
MERGED from [com.google.firebase:firebase-storage:9.2.0] AndroidManifest.xml:5:5-43
MERGED from [com.google.firebase:firebase-storage-common:9.2.0] AndroidManifest.xml:5:5-43
MERGED from [com.google.firebase:firebase-storage-common:9.2.0] AndroidManifest.xml:5:5-43
MERGED from [com.google.android.gms:play-services-fitness:9.2.0] AndroidManifest.xml:18:5-42
MERGED from [com.google.android.gms:play-services-fitness:9.2.0] AndroidManifest.xml:18:5-42
MERGED from [com.google.android.gms:play-services-gcm:9.2.0] AndroidManifest.xml:18:5-42
MERGED from [com.google.android.gms:play-services-gcm:9.2.0] AndroidManifest.xml:18:5-42
MERGED from [com.google.android.gms:play-services-appindexing:9.2.0] AndroidManifest.xml:18:5-42
MERGED from [com.google.android.gms:play-services-appindexing:9.2.0] AndroidManifest.xml:18:5-42
MERGED from [com.google.android.gms:play-services-wallet:9.2.0] AndroidManifest.xml:19:5-42
MERGED from [com.google.android.gms:play-services-wallet:9.2.0] AndroidManifest.xml:19:5-42
MERGED from [com.google.android.gms:play-services-identity:9.2.0] AndroidManifest.xml:18:5-42
MERGED from [com.google.android.gms:play-services-identity:9.2.0] AndroidManifest.xml:18:5-42
MERGED from [com.google.android.gms:play-services-iid:9.2.0] AndroidManifest.xml:18:5-42
MERGED from [com.google.android.gms:play-services-iid:9.2.0] AndroidManifest.xml:18:5-42
MERGED from [com.google.android.gms:play-services-location:9.2.0] AndroidManifest.xml:18:5-42
MERGED from [com.google.android.gms:play-services-location:9.2.0] AndroidManifest.xml:18:5-42
MERGED from [com.google.android.gms:play-services-places:9.2.0] AndroidManifest.xml:18:5-42
MERGED from [com.google.android.gms:play-services-places:9.2.0] AndroidManifest.xml:18:5-42
MERGED from [com.google.android.gms:play-services-maps:9.2.0] AndroidManifest.xml:26:5-42
MERGED from [com.google.android.gms:play-services-maps:9.2.0] AndroidManifest.xml:26:5-42
MERGED from [com.google.android.gms:play-services-nearby:9.2.0] AndroidManifest.xml:4:5-42
MERGED from [com.google.android.gms:play-services-nearby:9.2.0] AndroidManifest.xml:4:5-42
MERGED from [com.google.android.gms:play-services-panorama:9.2.0] AndroidManifest.xml:18:5-42
MERGED from [com.google.android.gms:play-services-panorama:9.2.0] AndroidManifest.xml:18:5-42
MERGED from [com.google.android.gms:play-services-plus:9.2.0] AndroidManifest.xml:18:5-42
MERGED from [com.google.android.gms:play-services-plus:9.2.0] AndroidManifest.xml:18:5-42
MERGED from [com.google.android.gms:play-services-safetynet:9.2.0] AndroidManifest.xml:18:5-42
MERGED from [com.google.android.gms:play-services-safetynet:9.2.0] AndroidManifest.xml:18:5-42
MERGED from [com.google.android.gms:play-services-vision:9.2.0] AndroidManifest.xml:4:5-42
MERGED from [com.google.android.gms:play-services-vision:9.2.0] AndroidManifest.xml:4:5-42
MERGED from [com.google.android.gms:play-services-wearable:9.2.0] AndroidManifest.xml:18:5-42
MERGED from [com.google.android.gms:play-services-wearable:9.2.0] AndroidManifest.xml:18:5-42
MERGED from [com.google.android.gms:play-services-base:9.2.0] AndroidManifest.xml:18:5-42
MERGED from [com.google.android.gms:play-services-base:9.2.0] AndroidManifest.xml:18:5-42
MERGED from [com.google.firebase:firebase-messaging:9.2.0] AndroidManifest.xml:18:5-42
MERGED from [com.google.firebase:firebase-messaging:9.2.0] AndroidManifest.xml:18:5-42
MERGED from [com.google.android.gms:play-services-tagmanager-api:9.2.0] AndroidManifest.xml:18:5-42
MERGED from [com.google.android.gms:play-services-tagmanager-api:9.2.0] AndroidManifest.xml:18:5-42
MERGED from [com.google.firebase:firebase-analytics:9.2.0] AndroidManifest.xml:18:5-42
MERGED from [com.google.firebase:firebase-analytics:9.2.0] AndroidManifest.xml:18:5-42
MERGED from [com.google.firebase:firebase-analytics-impl:9.2.0] AndroidManifest.xml:18:5-42
MERGED from [com.google.firebase:firebase-analytics-impl:9.2.0] AndroidManifest.xml:18:5-42
MERGED from [com.google.firebase:firebase-iid:9.2.0] AndroidManifest.xml:18:5-42
MERGED from [com.google.firebase:firebase-iid:9.2.0] AndroidManifest.xml:18:5-42
MERGED from [com.google.firebase:firebase-common:9.2.0] AndroidManifest.xml:4:5-43
MERGED from [com.google.firebase:firebase-common:9.2.0] AndroidManifest.xml:4:5-43
MERGED from [com.google.android.gms:play-services-gass:9.2.0] AndroidManifest.xml:18:5-42
MERGED from [com.google.android.gms:play-services-gass:9.2.0] AndroidManifest.xml:18:5-42
MERGED from [com.google.android.gms:play-services-tasks:9.2.0] AndroidManifest.xml:4:5-43
MERGED from [com.google.android.gms:play-services-tasks:9.2.0] AndroidManifest.xml:4:5-43
MERGED from [com.google.android.gms:play-services-basement:9.2.0] AndroidManifest.xml:18:5-42
MERGED from [com.google.android.gms:play-services-basement:9.2.0] AndroidManifest.xml:18:5-42
MERGED from [com.android.support:mediarouter-v7:23.0.0] AndroidManifest.xml:20:5-43
MERGED from [com.android.support:mediarouter-v7:23.0.0] AndroidManifest.xml:20:5-43
MERGED from [com.android.support:appcompat-v7:23.0.0] AndroidManifest.xml:20:5-43
MERGED from [com.android.support:appcompat-v7:23.0.0] AndroidManifest.xml:20:5-43
MERGED from [com.android.support:support-v4:23.0.0] AndroidManifest.xml:20:5-43
MERGED from [com.android.support:support-v4:23.0.0] AndroidManifest.xml:20:5-43
INJECTED from android-arm64-v8a/testtttt-app-android/AndroidManifest.xml:7:5-9:41
INJECTED from android-arm64-v8a/testtttt-app-android/AndroidManifest.xml:7:5-9:41
	android:targetSdkVersion
		ADDED from android-arm64-v8a/testtttt-app-android/AndroidManifest.xml:9:9-38
		INJECTED from android-arm64-v8a/testtttt-app-android/AndroidManifest.xml
		INJECTED from android-arm64-v8a/testtttt-app-android/AndroidManifest.xml
	android:minSdkVersion
		ADDED from android-arm64-v8a/testtttt-app-android/AndroidManifest.xml:8:9-35
		INJECTED from android-arm64-v8a/testtttt-app-android/AndroidManifest.xml
		INJECTED from android-arm64-v8a/testtttt-app-android/AndroidManifest.xml
uses-permission#android.permission.INTERNET
ADDED from android-arm64-v8a/testtttt-app-android/AndroidManifest.xml:11:5-67
MERGED from [com.google.android.gms:play-services-ads-lite:9.2.0] AndroidManifest.xml:20:5-66
MERGED from [com.google.android.gms:play-services-ads-lite:9.2.0] AndroidManifest.xml:20:5-66
MERGED from [com.google.android.gms:play-services-analytics:9.2.0] AndroidManifest.xml:21:5-67
MERGED from [com.google.android.gms:play-services-analytics:9.2.0] AndroidManifest.xml:21:5-67
MERGED from [com.google.android.gms:play-services-analytics-impl:9.2.0] AndroidManifest.xml:21:5-67
MERGED from [com.google.android.gms:play-services-analytics-impl:9.2.0] AndroidManifest.xml:21:5-67
MERGED from [com.google.android.gms:play-services-appinvite:9.2.0] AndroidManifest.xml:19:5-67
MERGED from [com.google.android.gms:play-services-appinvite:9.2.0] AndroidManifest.xml:19:5-67
MERGED from [com.google.firebase:firebase-crash:9.2.0] AndroidManifest.xml:20:5-66
MERGED from [com.google.firebase:firebase-crash:9.2.0] AndroidManifest.xml:20:5-66
MERGED from [com.google.android.gms:play-services-gcm:9.2.0] AndroidManifest.xml:22:5-67
MERGED from [com.google.android.gms:play-services-gcm:9.2.0] AndroidManifest.xml:22:5-67
MERGED from [com.google.android.gms:play-services-iid:9.2.0] AndroidManifest.xml:22:5-67
MERGED from [com.google.android.gms:play-services-iid:9.2.0] AndroidManifest.xml:22:5-67
MERGED from [com.google.android.gms:play-services-maps:9.2.0] AndroidManifest.xml:21:5-66
MERGED from [com.google.android.gms:play-services-maps:9.2.0] AndroidManifest.xml:21:5-66
MERGED from [com.google.android.gms:play-services-tagmanager-api:9.2.0] AndroidManifest.xml:21:5-67
MERGED from [com.google.android.gms:play-services-tagmanager-api:9.2.0] AndroidManifest.xml:21:5-67
MERGED from [com.google.firebase:firebase-analytics:9.2.0] AndroidManifest.xml:21:5-67
MERGED from [com.google.firebase:firebase-analytics:9.2.0] AndroidManifest.xml:21:5-67
MERGED from [com.google.firebase:firebase-analytics-impl:9.2.0] AndroidManifest.xml:21:5-67
MERGED from [com.google.firebase:firebase-analytics-impl:9.2.0] AndroidManifest.xml:21:5-67
MERGED from [com.google.firebase:firebase-iid:9.2.0] AndroidManifest.xml:21:5-67
MERGED from [com.google.firebase:firebase-iid:9.2.0] AndroidManifest.xml:21:5-67
	android:name
		ADDED from android-arm64-v8a/testtttt-app-android/AndroidManifest.xml:11:22-64
uses-permission#android.permission.CAMERA
ADDED from android-arm64-v8a/testtttt-app-android/AndroidManifest.xml:12:5-65
	android:name
		ADDED from android-arm64-v8a/testtttt-app-android/AndroidManifest.xml:12:22-62
uses-feature#0x00020000
ADDED from android-arm64-v8a/testtttt-app-android/AndroidManifest.xml:15:5-53
MERGED from [com.google.android.gms:play-services-maps:9.2.0] AndroidManifest.xml:22:5-24:33
MERGED from [com.google.android.gms:play-services-maps:9.2.0] AndroidManifest.xml:22:5-24:33
	android:glEsVersion
		ADDED from android-arm64-v8a/testtttt-app-android/AndroidManifest.xml:15:19-51
	android:required
		ADDED from [com.google.android.gms:play-services-maps:9.2.0] AndroidManifest.xml:24:8-31
application
ADDED from android-arm64-v8a/testtttt-app-android/AndroidManifest.xml:17:5-40:19
MERGED from [com.google.android.gms:play-services:9.2.0] AndroidManifest.xml:5:5-20
MERGED from [com.google.android.gms:play-services:9.2.0] AndroidManifest.xml:5:5-20
MERGED from [com.google.android.gms:play-services-ads-lite:9.2.0] AndroidManifest.xml:24:5-32:19
MERGED from [com.google.android.gms:play-services-ads-lite:9.2.0] AndroidManifest.xml:24:5-32:19
MERGED from [com.google.android.gms:play-services-analytics:9.2.0] AndroidManifest.xml:27:5-20
MERGED from [com.google.android.gms:play-services-analytics:9.2.0] AndroidManifest.xml:27:5-20
MERGED from [com.google.android.gms:play-services-analytics-impl:9.2.0] AndroidManifest.xml:27:5-20
MERGED from [com.google.android.gms:play-services-analytics-impl:9.2.0] AndroidManifest.xml:27:5-20
MERGED from [com.google.android.gms:play-services-appinvite:9.2.0] AndroidManifest.xml:20:5-30:19
MERGED from [com.google.android.gms:play-services-appinvite:9.2.0] AndroidManifest.xml:20:5-30:19
MERGED from [com.google.android.gms:play-services-auth:9.2.0] AndroidManifest.xml:20:5-32:19
MERGED from [com.google.android.gms:play-services-auth:9.2.0] AndroidManifest.xml:20:5-32:19
MERGED from [com.google.android.gms:play-services-cast-framework:9.2.0] AndroidManifest.xml:5:5-9:19
MERGED from [com.google.android.gms:play-services-cast-framework:9.2.0] AndroidManifest.xml:5:5-9:19
MERGED from [com.google.android.gms:play-services-cast:9.2.0] AndroidManifest.xml:19:5-20
MERGED from [com.google.android.gms:play-services-cast:9.2.0] AndroidManifest.xml:19:5-20
MERGED from [com.google.android.gms:play-services-clearcut:9.2.0] AndroidManifest.xml:19:5-20
MERGED from [com.google.android.gms:play-services-clearcut:9.2.0] AndroidManifest.xml:19:5-20
MERGED from [com.google.firebase:firebase-config:9.2.0] AndroidManifest.xml:19:5-20
MERGED from [com.google.firebase:firebase-config:9.2.0] AndroidManifest.xml:19:5-20
MERGED from [com.google.android.gms:play-services-contextmanager:9.2.0] AndroidManifest.xml:19:5-20
MERGED from [com.google.android.gms:play-services-contextmanager:9.2.0] AndroidManifest.xml:19:5-20
MERGED from [com.google.firebase:firebase-crash:9.2.0] AndroidManifest.xml:24:5-32:19
MERGED from [com.google.firebase:firebase-crash:9.2.0] AndroidManifest.xml:24:5-32:19
MERGED from [com.google.android.gms:play-services-games:9.2.0] AndroidManifest.xml:19:5-20
MERGED from [com.google.android.gms:play-services-games:9.2.0] AndroidManifest.xml:19:5-20
MERGED from [com.google.android.gms:play-services-drive:9.2.0] AndroidManifest.xml:19:5-20
MERGED from [com.google.android.gms:play-services-drive:9.2.0] AndroidManifest.xml:19:5-20
MERGED from [com.google.firebase:firebase-auth:9.2.0] AndroidManifest.xml:20:5-21:19
MERGED from [com.google.firebase:firebase-auth:9.2.0] AndroidManifest.xml:20:5-21:19
MERGED from [com.google.firebase:firebase-auth-common:9.2.0] AndroidManifest.xml:20:5-21:19
MERGED from [com.google.firebase:firebase-auth-common:9.2.0] AndroidManifest.xml:20:5-21:19
MERGED from [com.google.android.gms:play-services-fitness:9.2.0] AndroidManifest.xml:19:5-20
MERGED from [com.google.android.gms:play-services-fitness:9.2.0] AndroidManifest.xml:19:5-20
MERGED from [com.google.android.gms:play-services-gcm:9.2.0] AndroidManifest.xml:24:5-20
MERGED from [com.google.android.gms:play-services-gcm:9.2.0] AndroidManifest.xml:24:5-20
MERGED from [com.google.android.gms:play-services-appindexing:9.2.0] AndroidManifest.xml:19:5-20
MERGED from [com.google.android.gms:play-services-appindexing:9.2.0] AndroidManifest.xml:19:5-20
MERGED from [com.google.android.gms:play-services-identity:9.2.0] AndroidManifest.xml:19:5-20
MERGED from [com.google.android.gms:play-services-identity:9.2.0] AndroidManifest.xml:19:5-20
MERGED from [com.google.android.gms:play-services-iid:9.2.0] AndroidManifest.xml:24:5-20
MERGED from [com.google.android.gms:play-services-iid:9.2.0] AndroidManifest.xml:24:5-20
MERGED from [com.google.android.gms:play-services-location:9.2.0] AndroidManifest.xml:19:5-20
MERGED from [com.google.android.gms:play-services-location:9.2.0] AndroidManifest.xml:19:5-20
MERGED from [com.google.android.gms:play-services-places:9.2.0] AndroidManifest.xml:19:5-20
MERGED from [com.google.android.gms:play-services-places:9.2.0] AndroidManifest.xml:19:5-20
MERGED from [com.google.android.gms:play-services-maps:9.2.0] AndroidManifest.xml:27:5-20
MERGED from [com.google.android.gms:play-services-maps:9.2.0] AndroidManifest.xml:27:5-20
MERGED from [com.google.android.gms:play-services-nearby:9.2.0] AndroidManifest.xml:6:5-20
MERGED from [com.google.android.gms:play-services-nearby:9.2.0] AndroidManifest.xml:6:5-20
MERGED from [com.google.android.gms:play-services-panorama:9.2.0] AndroidManifest.xml:19:5-20
MERGED from [com.google.android.gms:play-services-panorama:9.2.0] AndroidManifest.xml:19:5-20
MERGED from [com.google.android.gms:play-services-plus:9.2.0] AndroidManifest.xml:19:5-20
MERGED from [com.google.android.gms:play-services-plus:9.2.0] AndroidManifest.xml:19:5-20
MERGED from [com.google.android.gms:play-services-safetynet:9.2.0] AndroidManifest.xml:19:5-20
MERGED from [com.google.android.gms:play-services-safetynet:9.2.0] AndroidManifest.xml:19:5-20
MERGED from [com.google.android.gms:play-services-vision:9.2.0] AndroidManifest.xml:5:5-20
MERGED from [com.google.android.gms:play-services-vision:9.2.0] AndroidManifest.xml:5:5-20
MERGED from [com.google.android.gms:play-services-wearable:9.2.0] AndroidManifest.xml:19:5-20
MERGED from [com.google.android.gms:play-services-wearable:9.2.0] AndroidManifest.xml:19:5-20
MERGED from [com.google.android.gms:play-services-base:9.2.0] AndroidManifest.xml:19:5-23:19
MERGED from [com.google.android.gms:play-services-base:9.2.0] AndroidManifest.xml:19:5-23:19
MERGED from [com.google.firebase:firebase-messaging:9.2.0] AndroidManifest.xml:20:5-32:19
MERGED from [com.google.firebase:firebase-messaging:9.2.0] AndroidManifest.xml:20:5-32:19
MERGED from [com.google.android.gms:play-services-tagmanager-api:9.2.0] AndroidManifest.xml:24:5-38:19
MERGED from [com.google.android.gms:play-services-tagmanager-api:9.2.0] AndroidManifest.xml:24:5-38:19
MERGED from [com.google.firebase:firebase-analytics:9.2.0] AndroidManifest.xml:26:5-41:19
MERGED from [com.google.firebase:firebase-analytics:9.2.0] AndroidManifest.xml:26:5-41:19
MERGED from [com.google.firebase:firebase-analytics-impl:9.2.0] AndroidManifest.xml:26:5-41:19
MERGED from [com.google.firebase:firebase-analytics-impl:9.2.0] AndroidManifest.xml:26:5-41:19
MERGED from [com.google.firebase:firebase-iid:9.2.0] AndroidManifest.xml:30:5-59:19
MERGED from [com.google.firebase:firebase-iid:9.2.0] AndroidManifest.xml:30:5-59:19
MERGED from [com.google.firebase:firebase-common:9.2.0] AndroidManifest.xml:5:5-12:19
MERGED from [com.google.firebase:firebase-common:9.2.0] AndroidManifest.xml:5:5-12:19
MERGED from [com.google.android.gms:play-services-gass:9.2.0] AndroidManifest.xml:19:5-20
MERGED from [com.google.android.gms:play-services-gass:9.2.0] AndroidManifest.xml:19:5-20
MERGED from [com.google.android.gms:play-services-tasks:9.2.0] AndroidManifest.xml:5:5-20
MERGED from [com.google.android.gms:play-services-tasks:9.2.0] AndroidManifest.xml:5:5-20
MERGED from [com.google.android.gms:play-services-basement:9.2.0] AndroidManifest.xml:20:5-24:19
MERGED from [com.google.android.gms:play-services-basement:9.2.0] AndroidManifest.xml:20:5-24:19
MERGED from [com.android.support:mediarouter-v7:23.0.0] AndroidManifest.xml:22:5-20
MERGED from [com.android.support:mediarouter-v7:23.0.0] AndroidManifest.xml:22:5-20
MERGED from [com.android.support:appcompat-v7:23.0.0] AndroidManifest.xml:22:5-20
MERGED from [com.android.support:appcompat-v7:23.0.0] AndroidManifest.xml:22:5-20
MERGED from [com.android.support:support-v4:23.0.0] AndroidManifest.xml:22:5-20
MERGED from [com.android.support:support-v4:23.0.0] AndroidManifest.xml:22:5-20
	android:label
		ADDED from android-arm64-v8a/testtttt-app-android/AndroidManifest.xml:21:9-33
	android:icon
		ADDED from android-arm64-v8a/testtttt-app-android/AndroidManifest.xml:20:9-45
	android:allowBackup
		ADDED from android-arm64-v8a/testtttt-app-android/AndroidManifest.xml:19:9-36
	android:theme
		ADDED from android-arm64-v8a/testtttt-app-android/AndroidManifest.xml:22:9-62
	android:name
		ADDED from android-arm64-v8a/testtttt-app-android/AndroidManifest.xml:18:9-60
activity#com.scade.phoenix.MainActivity
ADDED from android-arm64-v8a/testtttt-app-android/AndroidManifest.xml:23:9-33:20
	android:label
		ADDED from android-arm64-v8a/testtttt-app-android/AndroidManifest.xml:25:13-37
	android:windowSoftInputMode
		ADDED from android-arm64-v8a/testtttt-app-android/AndroidManifest.xml:26:13-67
	android:name
		ADDED from android-arm64-v8a/testtttt-app-android/AndroidManifest.xml:24:13-58
intent-filter#action:name:android.intent.action.MAIN+category:name:android.intent.category.LAUNCHER
ADDED from android-arm64-v8a/testtttt-app-android/AndroidManifest.xml:27:13-30:29
action#android.intent.action.MAIN
ADDED from android-arm64-v8a/testtttt-app-android/AndroidManifest.xml:28:17-69
	android:name
		ADDED from android-arm64-v8a/testtttt-app-android/AndroidManifest.xml:28:25-66
category#android.intent.category.LAUNCHER
ADDED from android-arm64-v8a/testtttt-app-android/AndroidManifest.xml:29:17-77
	android:name
		ADDED from android-arm64-v8a/testtttt-app-android/AndroidManifest.xml:29:27-74
meta-data#com.google.android.geo.API_KEY
ADDED from android-arm64-v8a/testtttt-app-android/AndroidManifest.xml:34:9-36:31
	android:value
		ADDED from android-arm64-v8a/testtttt-app-android/AndroidManifest.xml:36:13-29
	android:name
		ADDED from android-arm64-v8a/testtttt-app-android/AndroidManifest.xml:35:13-58
uses-library#org.apache.http.legacy
ADDED from android-arm64-v8a/testtttt-app-android/AndroidManifest.xml:37:9-39:40
	android:required